<?xml version="1.0" encoding="UTF-8"?>
<testng-results skipped="0" failed="0" total="1" passed="1">
  <reporter-output>
  </reporter-output>
  <suite name="Suite" duration-ms="19120" started-at="2016-06-21T09:46:35Z" finished-at="2016-06-21T09:46:54Z">
    <groups>
    </groups>
    <test name="Test" duration-ms="19120" started-at="2016-06-21T09:46:35Z" finished-at="2016-06-21T09:46:54Z">
      <class name="com.tests.DemoQATest">
        <test-method status="PASS" signature="beforeTest()[pri:0, instance:com.tests.DemoQATest@6aaa5eb0]" name="beforeTest" is-config="true" duration-ms="10609" started-at="2016-06-21T15:16:35Z" finished-at="2016-06-21T15:16:46Z">
          <reporter-output>
          </reporter-output>
        </test-method> <!-- beforeTest -->
        <test-method status="PASS" signature="testEasy()[pri:0, instance:com.tests.DemoQATest@6aaa5eb0]" name="testEasy" duration-ms="7378" started-at="2016-06-21T15:16:46Z" finished-at="2016-06-21T15:16:53Z">
          <reporter-output>
          </reporter-output>
        </test-method> <!-- testEasy -->
        <test-method status="PASS" signature="afterTest()[pri:0, instance:com.tests.DemoQATest@6aaa5eb0]" name="afterTest" is-config="true" duration-ms="1121" started-at="2016-06-21T15:16:53Z" finished-at="2016-06-21T15:16:54Z">
          <reporter-output>
          </reporter-output>
        </test-method> <!-- afterTest -->
      </class> <!-- com.tests.DemoQATest -->
    </test> <!-- Test -->
  </suite> <!-- Suite -->
</testng-results>
