<?xml version="1.0" encoding="UTF-8"?>
<testng-results skipped="0" failed="0" total="1" passed="1">
  <reporter-output>
  </reporter-output>
  <suite name="Suite" duration-ms="31747" started-at="2016-06-21T09:06:12Z" finished-at="2016-06-21T09:06:43Z">
    <groups>
    </groups>
    <test name="Test" duration-ms="31747" started-at="2016-06-21T09:06:12Z" finished-at="2016-06-21T09:06:43Z">
      <class name="com.tests.DemoQATest">
        <test-method status="PASS" signature="beforeTest()[pri:0, instance:com.tests.DemoQATest@68be2bc2]" name="beforeTest" is-config="true" duration-ms="15980" started-at="2016-06-21T14:36:12Z" finished-at="2016-06-21T14:36:28Z">
          <reporter-output>
          </reporter-output>
        </test-method> <!-- beforeTest -->
        <test-method status="PASS" signature="testEasy()[pri:0, instance:com.tests.DemoQATest@68be2bc2]" name="testEasy" duration-ms="14823" started-at="2016-06-21T14:36:28Z" finished-at="2016-06-21T14:36:42Z">
          <reporter-output>
          </reporter-output>
        </test-method> <!-- testEasy -->
        <test-method status="PASS" signature="afterTest()[pri:0, instance:com.tests.DemoQATest@68be2bc2]" name="afterTest" is-config="true" duration-ms="923" started-at="2016-06-21T14:36:42Z" finished-at="2016-06-21T14:36:43Z">
          <reporter-output>
          </reporter-output>
        </test-method> <!-- afterTest -->
      </class> <!-- com.tests.DemoQATest -->
    </test> <!-- Test -->
  </suite> <!-- Suite -->
</testng-results>
